Using pre-set license
Built from '2020.2/release' branch; Version is '2020.2.1f1 (270dd8c3da1c) revision 2559448'; Using compiler version '192528614'; Build Type 'Release'
OS: 'Windows 10  (10.0.0) 64bit' Language: 'pl' Physical Memory: 16211 MB
BatchMode: 1, IsHumanControllingUs: 0, StartBugReporterOnCrash: 0, Is64bit: 1, IsPro: 0

 COMMAND LINE ARGUMENTS:
C:\Program Files\Unity\Hub\Editor\2020.2.1f1\Editor\Unity.exe
-adb2
-batchMode
-noUpm
-name
AssetImportWorker0
-projectPath
F:/repo/PathOfExileEq/Project/PathOfExileEq
-logFile
Logs/AssetImportWorker0.log
-srvPort
61591
Successfully changed project path to: F:/repo/PathOfExileEq/Project/PathOfExileEq
F:/repo/PathOfExileEq/Project/PathOfExileEq
Using Asset Import Pipeline V2.
Refreshing native plugins compatible for Editor in 44.55 ms, found 1 plugins.
Preloading 0 native plugins for Editor in 0.00 ms.
Initialize engine version: 2020.2.1f1 (270dd8c3da1c)
[Subsystems] Discovering subsystems at path C:/Program Files/Unity/Hub/Editor/2020.2.1f1/Editor/Data/Resources/UnitySubsystems
[Subsystems] Discovering subsystems at path F:/repo/PathOfExileEq/Project/PathOfExileEq/Assets
GfxDevice: creating device client; threaded=0
Direct3D:
    Version:  Direct3D 11.0 [level 11.0]
    Renderer: NVIDIA GeForce GTX 960M (ID=0x139b)
    Vendor:   
    VRAM:     4055 MB
    Driver:   26.21.14.4587
Initialize mono
Mono path[0] = 'C:/Program Files/Unity/Hub/Editor/2020.2.1f1/Editor/Data/Managed'
Mono path[1] = 'C:/Program Files/Unity/Hub/Editor/2020.2.1f1/Editor/Data/MonoBleedingEdge/lib/mono/unityjit'
Mono config path = 'C:/Program Files/Unity/Hub/Editor/2020.2.1f1/Editor/Data/MonoBleedingEdge/etc'
Using monoOptions --debugger-agent=transport=dt_socket,embedding=1,server=y,suspend=n,address=127.0.0.1:56696
Begin MonoManager ReloadAssembly
Registering precompiled unity dll's ...
Register platform support module: C:/Program Files/Unity/Hub/Editor/2020.2.1f1/Editor/Data/PlaybackEngines/WindowsStandaloneSupport/UnityEditor.WindowsStandalone.Extensions.dll
Registered in 0.002270 seconds.
Native extension for WindowsStandalone target not found
Refreshing native plugins compatible for Editor in 43.13 ms, found 1 plugins.
Preloading 0 native plugins for Editor in 0.00 ms.
Invoked RoslynAnalysisRunner static constructor.
RoslynAnalysisRunner will not be running.
RoslynAnalysisRunner has terminated.
Mono: successfully reloaded assembly
- Completed reload, in  1.293 seconds
Platform modules already initialized, skipping
Registering precompiled user dll's ...
Registered in 0.000812 seconds.
Begin MonoManager ReloadAssembly
Native extension for WindowsStandalone target not found
Refreshing native plugins compatible for Editor in 43.15 ms, found 1 plugins.
Preloading 0 native plugins for Editor in 0.00 ms.
Invoked RoslynAnalysisRunner static constructor.
RoslynAnalysisRunner will not be running.
RoslynAnalysisRunner has terminated.
Mono: successfully reloaded assembly
- Completed reload, in  1.233 seconds
Platform modules already initialized, skipping
========================================================================
Worker process is ready to serve import requests
Launched and connected shader compiler UnityShaderCompiler.exe after 0.05 seconds
Refreshing native plugins compatible for Editor in 0.68 ms, found 1 plugins.
Preloading 0 native plugins for Editor in 0.00 ms.
Unloading 1787 Unused Serialized files (Serialized files now loaded: 0)
System memory in use before: 83.6 MB.
System memory in use after: 83.5 MB.

Unloading 24 unused Assets to reduce memory usage. Loaded Objects now: 2227.
Total: 3.825000 ms (FindLiveObjects: 0.278900 ms CreateObjectMapping: 0.229200 ms MarkObjects: 3.142400 ms  DeleteObjects: 0.172700 ms)

========================================================================
Received Import Request.
  path: Assets
  artifactKey: Guid(00000000000000001000000000000000) Importer(815301076,1909f56bfc062723c751e8b465ee728b)
Start importing Assets using Guid(00000000000000001000000000000000) Importer(815301076,1909f56bfc062723c751e8b465ee728b)  -> (artifact id: 'e1a2c4dac9df7c17871e19a3b74f0e9f') in 0.010865 seconds
  Import took 0.014365 seconds .

========================================================================
Received Import Request.
  Time since last request: 9.944165 seconds.
  path: Assets/Graphic
  artifactKey: Guid(877580830609cd442b2b0293684aa49e) Importer(815301076,1909f56bfc062723c751e8b465ee728b)
Start importing Assets/Graphic using Guid(877580830609cd442b2b0293684aa49e) Importer(815301076,1909f56bfc062723c751e8b465ee728b)  -> (artifact id: '8776c07bc3d7c21f51bc6e23cbb831da') in 0.009383 seconds
  Import took 0.012718 seconds .

========================================================================
Received Import Request.
  Time since last request: 5.317082 seconds.
  path: Assets/Scenes
  artifactKey: Guid(173ad39138691134bb44812bf974dbfb) Importer(815301076,1909f56bfc062723c751e8b465ee728b)
Start importing Assets/Scenes using Guid(173ad39138691134bb44812bf974dbfb) Importer(815301076,1909f56bfc062723c751e8b465ee728b)  -> (artifact id: '6e0e6db5c01ef4be31511c36b0cd616a') in 0.008990 seconds
  Import took 0.012728 seconds .

========================================================================
Received Import Request.
  Time since last request: 0.859219 seconds.
  path: Assets/Scenes/SampleScene.unity
  artifactKey: Guid(2cda990e2423bbf4892e6590ba056729) Importer(815301076,1909f56bfc062723c751e8b465ee728b)
Start importing Assets/Scenes/SampleScene.unity using Guid(2cda990e2423bbf4892e6590ba056729) Importer(815301076,1909f56bfc062723c751e8b465ee728b)  -> (artifact id: '676a5d6b6e8e4845bff875d4b227c7e9') in 0.021841 seconds
  Import took 0.025556 seconds .

========================================================================
Received Import Request.
  Time since last request: 7.664036 seconds.
  path: Assets/Scenes/Equipment.unity
  artifactKey: Guid(2cda990e2423bbf4892e6590ba056729) Importer(815301076,1909f56bfc062723c751e8b465ee728b)
Start importing Assets/Scenes/Equipment.unity using Guid(2cda990e2423bbf4892e6590ba056729) Importer(815301076,1909f56bfc062723c751e8b465ee728b)  -> (artifact id: 'cf077728ee4814800e774e7760edd168') in 0.009073 seconds
  Import took 0.014132 seconds .

========================================================================
Received Import Request.
  Time since last request: 405.146800 seconds.
  path: Assets/Graphic/Background
  artifactKey: Guid(78d6691716db90f4889f07aa28806964) Importer(815301076,1909f56bfc062723c751e8b465ee728b)
Start importing Assets/Graphic/Background using Guid(78d6691716db90f4889f07aa28806964) Importer(815301076,1909f56bfc062723c751e8b465ee728b)  -> (artifact id: 'd90d019887cb7763fc355994366a6888') in 0.012049 seconds
  Import took 0.063901 seconds .

========================================================================
Received Import Request.
  Time since last request: 20.889874 seconds.
  path: Assets/Graphic/EquipmentFrames
  artifactKey: Guid(d2f79023271116c429ef28c21310ca7d) Importer(815301076,1909f56bfc062723c751e8b465ee728b)
Start importing Assets/Graphic/EquipmentFrames using Guid(d2f79023271116c429ef28c21310ca7d) Importer(815301076,1909f56bfc062723c751e8b465ee728b)  -> (artifact id: 'ebe56722e32dd4d3f019d82e4836bee8') in 0.007744 seconds
  Import took 0.074564 seconds .

========================================================================
Received Import Request.
  Time since last request: 2402.349818 seconds.
  path: Assets/Graphic/Background/20210116150038_1.jpg
  artifactKey: Guid(34a7d0e639aa0ff428218188c315f42d) Importer(815301076,1909f56bfc062723c751e8b465ee728b)
Start importing Assets/Graphic/Background/20210116150038_1.jpg using Guid(34a7d0e639aa0ff428218188c315f42d) Importer(815301076,1909f56bfc062723c751e8b465ee728b)  -> (artifact id: '51060c13a0e9f16198ee1eb99fd0d5fa') in 0.976033 seconds
  Import took 0.999830 seconds .

========================================================================
Received Import Request.
  Time since last request: 0.506130 seconds.
  path: Assets/Graphic/Background/20210116150042_1.jpg
  artifactKey: Guid(ab47280e02da8ef4387c2a2c788423d7) Importer(815301076,1909f56bfc062723c751e8b465ee728b)
Start importing Assets/Graphic/Background/20210116150042_1.jpg using Guid(ab47280e02da8ef4387c2a2c788423d7) Importer(815301076,1909f56bfc062723c751e8b465ee728b)  -> (artifact id: 'b9dbb5df119fbc2bb53165cd384af327') in 0.067733 seconds
  Import took 0.098018 seconds .

========================================================================
Received Import Request.
  Time since last request: 0.317497 seconds.
  path: Assets/Graphic/Background/20210116150044_1.jpg
  artifactKey: Guid(d77bcd7e29021f244910b814a2e5ebb5) Importer(815301076,1909f56bfc062723c751e8b465ee728b)
Start importing Assets/Graphic/Background/20210116150044_1.jpg using Guid(d77bcd7e29021f244910b814a2e5ebb5) Importer(815301076,1909f56bfc062723c751e8b465ee728b)  -> (artifact id: 'b7734e18cc2ec710b7adc03e85a7e000') in 0.236986 seconds
  Import took 0.275803 seconds .

========================================================================
Received Import Request.
  Time since last request: 17.762333 seconds.
  path: Assets/Graphic/Background/BG01Long.jpg
  artifactKey: Guid(34a7d0e639aa0ff428218188c315f42d) Importer(815301076,1909f56bfc062723c751e8b465ee728b)
Start importing Assets/Graphic/Background/BG01Long.jpg using Guid(34a7d0e639aa0ff428218188c315f42d) Importer(815301076,1909f56bfc062723c751e8b465ee728b)  -> (artifact id: '8931112360083ec250de887f71462aec') in 0.099146 seconds
  Import took 0.104076 seconds .

========================================================================
Received Import Request.
  Time since last request: 10.777952 seconds.
  path: Assets/Graphic/Background/BG01Far.jpg
  artifactKey: Guid(34a7d0e639aa0ff428218188c315f42d) Importer(815301076,1909f56bfc062723c751e8b465ee728b)
Start importing Assets/Graphic/Background/BG01Far.jpg using Guid(34a7d0e639aa0ff428218188c315f42d) Importer(815301076,1909f56bfc062723c751e8b465ee728b)  -> (artifact id: '2731c40a2d3d8fa5eb27445e8f276bef') in 0.094057 seconds
  Import took 0.098433 seconds .

========================================================================
Received Import Request.
  Time since last request: 7.518672 seconds.
  path: Assets/Graphic/Background/BG01Medium.jpg
  artifactKey: Guid(d77bcd7e29021f244910b814a2e5ebb5) Importer(815301076,1909f56bfc062723c751e8b465ee728b)
Start importing Assets/Graphic/Background/BG01Medium.jpg using Guid(d77bcd7e29021f244910b814a2e5ebb5) Importer(815301076,1909f56bfc062723c751e8b465ee728b)  -> (artifact id: '2a343e18fc1ece8cc50bf98f071b2dbe') in 0.057250 seconds
  Import took 0.061712 seconds .

========================================================================
Received Import Request.
  Time since last request: 8.921197 seconds.
  path: Assets/Graphic/Background/BG01Close.jpg
  artifactKey: Guid(ab47280e02da8ef4387c2a2c788423d7) Importer(815301076,1909f56bfc062723c751e8b465ee728b)
Start importing Assets/Graphic/Background/BG01Close.jpg using Guid(ab47280e02da8ef4387c2a2c788423d7) Importer(815301076,1909f56bfc062723c751e8b465ee728b)  -> (artifact id: 'c62e0307327f56e8232eb0296b25e4a8') in 0.055821 seconds
  Import took 0.088450 seconds .

========================================================================
Received Import Request.
  Time since last request: 2.831248 seconds.
  path: Assets/Graphic/Background/20210116150545_1.jpg
  artifactKey: Guid(43a3cf458444e6345b0d959b20b13e15) Importer(815301076,1909f56bfc062723c751e8b465ee728b)
Start importing Assets/Graphic/Background/20210116150545_1.jpg using Guid(43a3cf458444e6345b0d959b20b13e15) Importer(815301076,1909f56bfc062723c751e8b465ee728b)  -> (artifact id: '3323b97ebc261e9e7377b96b1cedeb1d') in 0.185265 seconds
  Import took 0.192474 seconds .

========================================================================
Received Import Request.
  Time since last request: 3.052850 seconds.
  path: Assets/Graphic/Background/20210116150539_1.jpg
  artifactKey: Guid(5630f88ed309a994cb4655899d11271f) Importer(815301076,1909f56bfc062723c751e8b465ee728b)
Start importing Assets/Graphic/Background/20210116150539_1.jpg using Guid(5630f88ed309a994cb4655899d11271f) Importer(815301076,1909f56bfc062723c751e8b465ee728b)  -> (artifact id: '9adf15b58ed82f21f224990791a5b216') in 0.139552 seconds
  Import took 0.166403 seconds .

========================================================================
Received Import Request.
  Time since last request: 0.425935 seconds.
  path: Assets/Graphic/Background/20210116150542_1.jpg
  artifactKey: Guid(93e6d7818091bea49bb015f5ab505092) Importer(815301076,1909f56bfc062723c751e8b465ee728b)
Start importing Assets/Graphic/Background/20210116150542_1.jpg using Guid(93e6d7818091bea49bb015f5ab505092) Importer(815301076,1909f56bfc062723c751e8b465ee728b)  -> (artifact id: '8b88bba502b7625c8fcab4092cf1e742') in 0.198027 seconds
  Import took 0.223048 seconds .

========================================================================
Received Import Request.
  Time since last request: 6.094520 seconds.
  path: Assets/Graphic/Background/20210116150320_1.jpg
  artifactKey: Guid(935366c6936d3b74bb56623932713f91) Importer(815301076,1909f56bfc062723c751e8b465ee728b)
Start importing Assets/Graphic/Background/20210116150320_1.jpg using Guid(935366c6936d3b74bb56623932713f91) Importer(815301076,1909f56bfc062723c751e8b465ee728b)  -> (artifact id: 'ebf0e03f1ec40475c8b55b678b8c95d7') in 0.144094 seconds
  Import took 0.149012 seconds .

========================================================================
Received Import Request.
  Time since last request: 23.768141 seconds.
  path: Assets/Graphic/Background/20210116150536_1.jpg
  artifactKey: Guid(1d33fbdba1be98849a8978fe8b6abffd) Importer(815301076,1909f56bfc062723c751e8b465ee728b)
Start importing Assets/Graphic/Background/20210116150536_1.jpg using Guid(1d33fbdba1be98849a8978fe8b6abffd) Importer(815301076,1909f56bfc062723c751e8b465ee728b)  -> (artifact id: '2085b5b00999638a72e1119454e2b99c') in 0.189283 seconds
  Import took 0.210679 seconds .

========================================================================
Received Import Request.
  Time since last request: 13.219873 seconds.
  path: Assets/Graphic/Background/BG02Close.jpg
  artifactKey: Guid(43a3cf458444e6345b0d959b20b13e15) Importer(815301076,1909f56bfc062723c751e8b465ee728b)
Start importing Assets/Graphic/Background/BG02Close.jpg using Guid(43a3cf458444e6345b0d959b20b13e15) Importer(815301076,1909f56bfc062723c751e8b465ee728b)  -> (artifact id: '7740e326670c368899952ea317f3add6') in 0.038543 seconds
  Import took 0.044119 seconds .

========================================================================
Received Import Request.
  Time since last request: 6.955283 seconds.
  path: Assets/Graphic/Background/BG02Far.jpg
  artifactKey: Guid(1d33fbdba1be98849a8978fe8b6abffd) Importer(815301076,1909f56bfc062723c751e8b465ee728b)
Start importing Assets/Graphic/Background/BG02Far.jpg using Guid(1d33fbdba1be98849a8978fe8b6abffd) Importer(815301076,1909f56bfc062723c751e8b465ee728b)  -> (artifact id: 'cfe6b12447e939a268076d3accf68385') in 0.067380 seconds
  Import took 0.071483 seconds .

========================================================================
Received Import Request.
  Time since last request: 5.505094 seconds.
  path: Assets/Graphic/Background/BG02Medium.jpg
  artifactKey: Guid(5630f88ed309a994cb4655899d11271f) Importer(815301076,1909f56bfc062723c751e8b465ee728b)
Start importing Assets/Graphic/Background/BG02Medium.jpg using Guid(5630f88ed309a994cb4655899d11271f) Importer(815301076,1909f56bfc062723c751e8b465ee728b)  -> (artifact id: 'a4d8e24086458c58816aaceca43b9389') in 0.151237 seconds
  Import took 0.183113 seconds .

========================================================================
Received Import Request.
  Time since last request: 0.706275 seconds.
  path: Assets/Graphic/Background/20210116150446_1.jpg
  artifactKey: Guid(77f898fa815c26446bde6d5e838756b0) Importer(815301076,1909f56bfc062723c751e8b465ee728b)
Start importing Assets/Graphic/Background/20210116150446_1.jpg using Guid(77f898fa815c26446bde6d5e838756b0) Importer(815301076,1909f56bfc062723c751e8b465ee728b)  -> (artifact id: '4536403ff350076774b4a3a0e6a19398') in 0.179946 seconds
  Import took 0.207259 seconds .

========================================================================
Received Import Request.
  Time since last request: 0.375102 seconds.
  path: Assets/Graphic/Background/20210116150445_1.jpg
  artifactKey: Guid(9e457b902acef814ab03f804e1effe43) Importer(815301076,1909f56bfc062723c751e8b465ee728b)
Start importing Assets/Graphic/Background/20210116150445_1.jpg using Guid(9e457b902acef814ab03f804e1effe43) Importer(815301076,1909f56bfc062723c751e8b465ee728b)  -> (artifact id: 'e77c6eb4d413acded03d041c6464cad5') in 0.152806 seconds
  Import took 0.158717 seconds .

========================================================================
Received Import Request.
  Time since last request: 0.755867 seconds.
  path: Assets/Graphic/Background/20210116150443_1.jpg
  artifactKey: Guid(e9a26f4a6be9372419b303ed2d268897) Importer(815301076,1909f56bfc062723c751e8b465ee728b)
Start importing Assets/Graphic/Background/20210116150443_1.jpg using Guid(e9a26f4a6be9372419b303ed2d268897) Importer(815301076,1909f56bfc062723c751e8b465ee728b)  -> (artifact id: '4f177f32359880b69a621ebcc783745a') in 0.142365 seconds
  Import took 0.149579 seconds .

========================================================================
Received Import Request.
  Time since last request: 3.491338 seconds.
  path: Assets/Graphic/Background/BG03Medium.jpg
  artifactKey: Guid(9e457b902acef814ab03f804e1effe43) Importer(815301076,1909f56bfc062723c751e8b465ee728b)
Start importing Assets/Graphic/Background/BG03Medium.jpg using Guid(9e457b902acef814ab03f804e1effe43) Importer(815301076,1909f56bfc062723c751e8b465ee728b)  -> (artifact id: 'e641e25b911d3f172e00dd5804fb0585') in 0.025011 seconds
  Import took 0.048755 seconds .

========================================================================
Received Import Request.
  Time since last request: 7.161321 seconds.
  path: Assets/Graphic/Background/BG03Far.jpg
  artifactKey: Guid(e9a26f4a6be9372419b303ed2d268897) Importer(815301076,1909f56bfc062723c751e8b465ee728b)
Start importing Assets/Graphic/Background/BG03Far.jpg using Guid(e9a26f4a6be9372419b303ed2d268897) Importer(815301076,1909f56bfc062723c751e8b465ee728b)  -> (artifact id: '30c3cc3b3df38cb9e19f4f2657aa8654') in 0.078118 seconds
  Import took 0.119553 seconds .

========================================================================
Received Import Request.
  Time since last request: 6.933322 seconds.
  path: Assets/Graphic/Background/BG03Close.jpg
  artifactKey: Guid(77f898fa815c26446bde6d5e838756b0) Importer(815301076,1909f56bfc062723c751e8b465ee728b)
Start importing Assets/Graphic/Background/BG03Close.jpg using Guid(77f898fa815c26446bde6d5e838756b0) Importer(815301076,1909f56bfc062723c751e8b465ee728b)  -> (artifact id: 'af28ef4b9de0f2e328655e2dac59964e') in 0.057322 seconds
  Import took 0.062215 seconds .

========================================================================
Received Import Request.
  Time since last request: 1.168527 seconds.
  path: Assets/Graphic/Background/20210116150321_1.jpg
  artifactKey: Guid(c5b9562ac7f346f4098040e24595dc00) Importer(815301076,1909f56bfc062723c751e8b465ee728b)
Start importing Assets/Graphic/Background/20210116150321_1.jpg using Guid(c5b9562ac7f346f4098040e24595dc00) Importer(815301076,1909f56bfc062723c751e8b465ee728b)  -> (artifact id: 'ffd4ff7f0b143ebdb9f9f0784583b997') in 0.070966 seconds
  Import took 0.077399 seconds .

========================================================================
Received Import Request.
  Time since last request: 5.286753 seconds.
  path: Assets/Graphic/Background/BG04Close.jpg
  artifactKey: Guid(c5b9562ac7f346f4098040e24595dc00) Importer(815301076,1909f56bfc062723c751e8b465ee728b)
Start importing Assets/Graphic/Background/BG04Close.jpg using Guid(c5b9562ac7f346f4098040e24595dc00) Importer(815301076,1909f56bfc062723c751e8b465ee728b)  -> (artifact id: '17dee9e94aa2c8850bd598acde78ab08') in 0.047211 seconds
  Import took 0.051896 seconds .

========================================================================
Received Import Request.
  Time since last request: 8.521329 seconds.
  path: Assets/Graphic/Background/20210116150317_1.jpg
  artifactKey: Guid(2be49729d5dd86844b1de8ea220e844f) Importer(815301076,1909f56bfc062723c751e8b465ee728b)
Start importing Assets/Graphic/Background/20210116150317_1.jpg using Guid(2be49729d5dd86844b1de8ea220e844f) Importer(815301076,1909f56bfc062723c751e8b465ee728b)  -> (artifact id: '06fdd191f0aaa47c71a5e4b7e579170c') in 0.192016 seconds
  Import took 0.232158 seconds .

========================================================================
Received Import Request.
  Time since last request: 4.065438 seconds.
  path: Assets/Graphic/Background/BG04Medium.jpg
  artifactKey: Guid(935366c6936d3b74bb56623932713f91) Importer(815301076,1909f56bfc062723c751e8b465ee728b)
Start importing Assets/Graphic/Background/BG04Medium.jpg using Guid(935366c6936d3b74bb56623932713f91) Importer(815301076,1909f56bfc062723c751e8b465ee728b)  -> (artifact id: '5a9a14c251990cd08853c4cc0a8682a5') in 0.046688 seconds
  Import took 0.071910 seconds .

========================================================================
Received Import Request.
  Time since last request: 8.047572 seconds.
  path: Assets/Graphic/Background/BG04Far.jpg
  artifactKey: Guid(2be49729d5dd86844b1de8ea220e844f) Importer(815301076,1909f56bfc062723c751e8b465ee728b)
Start importing Assets/Graphic/Background/BG04Far.jpg using Guid(2be49729d5dd86844b1de8ea220e844f) Importer(815301076,1909f56bfc062723c751e8b465ee728b)  -> (artifact id: '5bba45dcb3cb92dddf3862c1cd8507d1') in 0.062049 seconds
  Import took 0.065540 seconds .

========================================================================
Received Import Request.
  Time since last request: 936.542373 seconds.
  path: Assets/Graphic/EquipmentFrames/Helmet.png
  artifactKey: Guid(5414fa347ce8e4f4cb31576679be3220) Importer(815301076,1909f56bfc062723c751e8b465ee728b)
Start importing Assets/Graphic/EquipmentFrames/Helmet.png using Guid(5414fa347ce8e4f4cb31576679be3220) Importer(815301076,1909f56bfc062723c751e8b465ee728b)  -> (artifact id: '492768d57cd401d1a6632ed975079d8b') in 0.167066 seconds
  Import took 0.175012 seconds .

========================================================================
Received Import Request.
  Time since last request: 110.186983 seconds.
  path: Assets/Graphic/EquipmentFrames/ring.png
  artifactKey: Guid(c8cc6944d81bc6e4a80ddf70dd54f980) Importer(815301076,1909f56bfc062723c751e8b465ee728b)
Start importing Assets/Graphic/EquipmentFrames/ring.png using Guid(c8cc6944d81bc6e4a80ddf70dd54f980) Importer(815301076,1909f56bfc062723c751e8b465ee728b)  -> (artifact id: '9212cf27a812a791bb90f03f0b24bcf8') in 0.182156 seconds
  Import took 0.200936 seconds .

========================================================================
Received Import Request.
  Time since last request: 2.095549 seconds.
  path: Assets/Graphic/EquipmentFrames/Ring.png
  artifactKey: Guid(c8cc6944d81bc6e4a80ddf70dd54f980) Importer(815301076,1909f56bfc062723c751e8b465ee728b)
Start importing Assets/Graphic/EquipmentFrames/Ring.png using Guid(c8cc6944d81bc6e4a80ddf70dd54f980) Importer(815301076,1909f56bfc062723c751e8b465ee728b)  -> (artifact id: 'ddc2c5506f419225d50666d3a4f540d1') in 0.070738 seconds
  Import took 0.075440 seconds .

AssetImportWorkerClient::OnTransportError - code=2 error=End of file
